<?xml version="1.0" encoding="UTF-8"?>
<!-- Generated by org.testng.reporters.JUnitReportReporter -->
<testsuite skipped="0" hostname="AJAMPANA-IN" name="com.tc.groupcustomer.Sample" tests="3" failures="0" timestamp="18 Jun 2020 06:49:03 GMT" time="0.011" errors="0">
  <testcase name="bTC1" time="0.001" classname="com.tc.groupcustomer.Sample"/>
  <testcase name="cTC1" time="0.001" classname="com.tc.groupcustomer.Sample"/>
  <testcase name="aTC1" time="0.009" classname="com.tc.groupcustomer.Sample"/>
</testsuite> <!-- com.tc.groupcustomer.Sample -->
