<?xml version="1.0" encoding="UTF-8"?>
<!-- Generated by org.testng.reporters.JUnitReportReporter -->
<testsuite skipped="0" hostname="AJAMPANA-IN" name="com.tc.groupcustomer.GC10_GroupBilling2" tests="6" failures="0" timestamp="07 Jul 2020 12:36:25 GMT" time="720.429" errors="0">
  <testcase name="GB05_TC005" time="118.724" classname="com.tc.groupcustomer.GC10_GroupBilling2"/>
  <testcase name="GB04_TC004" time="57.733" classname="com.tc.groupcustomer.GC10_GroupBilling2"/>
  <testcase name="GB06_TC006" time="60.582" classname="com.tc.groupcustomer.GC10_GroupBilling2"/>
  <testcase name="GB01_TCPreReq" time="97.656" classname="com.tc.groupcustomer.GC10_GroupBilling2"/>
  <testcase name="GB02_TC001" time="252.217" classname="com.tc.groupcustomer.GC10_GroupBilling2"/>
  <testcase name="GB03_TC003" time="133.517" classname="com.tc.groupcustomer.GC10_GroupBilling2"/>
</testsuite> <!-- com.tc.groupcustomer.GC10_GroupBilling2 -->
