<?xml version="1.0" encoding="UTF-8"?>
<!-- Generated by org.testng.reporters.JUnitReportReporter -->
<testsuite skipped="0" hostname="AJAMPANA-IN" name="com.tc.groupcustomer.GC_GroupCustomer2" tests="16" failures="0" timestamp="19 Jun 2020 07:18:12 GMT" time="594.959" errors="0">
  <testcase name="egc_EditPhone_TC29003" time="15.587" classname="com.tc.groupcustomer.GC_GroupCustomer2"/>
  <testcase name="ggc_AddActivities_TC27666" time="34.206" classname="com.tc.groupcustomer.GC_GroupCustomer2"/>
  <testcase name="kgc_UploadComments_TC18704" time="30.263" classname="com.tc.groupcustomer.GC_GroupCustomer2"/>
  <testcase name="fgc_DeletePhone_TC29004" time="48.498" classname="com.tc.groupcustomer.GC_GroupCustomer2"/>
  <testcase name="mGC_ParentMasterAgreementCreation" time="39.532" classname="com.tc.groupcustomer.GC_GroupCustomer2"/>
  <testcase name="ogc_EditAgreementRoles_TC28414" time="16.983" classname="com.tc.groupcustomer.GC_GroupCustomer2"/>
  <testcase name="dgc_AddPhone_TC28991" time="25.971" classname="com.tc.groupcustomer.GC_GroupCustomer2"/>
  <testcase name="bgc_MakeDefaultAddress_TC27056" time="50.929" classname="com.tc.groupcustomer.GC_GroupCustomer2"/>
  <testcase name="cgc_DeleteAddress_TC27059" time="9.322" classname="com.tc.groupcustomer.GC_GroupCustomer2"/>
  <testcase name="igc_RecycleActivities_TC27670" time="15.530" classname="com.tc.groupcustomer.GC_GroupCustomer2"/>
  <testcase name="lgc_UpdateComments_TC18706" time="41.201" classname="com.tc.groupcustomer.GC_GroupCustomer2"/>
  <testcase name="pgc_DeleteAgreementRoles_TC28413" time="5.349" classname="com.tc.groupcustomer.GC_GroupCustomer2"/>
  <testcase name="jgc_AddComments_TC16851" time="40.269" classname="com.tc.groupcustomer.GC_GroupCustomer2"/>
  <testcase name="hgc_ActivitiesProcess_TC27669" time="15.284" classname="com.tc.groupcustomer.GC_GroupCustomer2"/>
  <testcase name="agc_AddingNewAddress_TC27055" time="56.232" classname="com.tc.groupcustomer.GC_GroupCustomer2"/>
  <testcase name="ngc_AddingAgreementRoles_TC28409" time="149.803" classname="com.tc.groupcustomer.GC_GroupCustomer2"/>
</testsuite> <!-- com.tc.groupcustomer.GC_GroupCustomer2 -->
