<?xml version="1.0" encoding="UTF-8"?>
<!-- Generated by org.testng.reporters.JUnitReportReporter -->
<testsuite skipped="0" hostname="AJAMPANA-IN" name="com.tc.groupcustomer.GC02_GroupCustomerQuote" tests="31" failures="0" timestamp="06 Jul 2020 12:25:40 GMT" time="845.284" errors="0">
  <testcase name="ATCPreReq" time="64.682" classname="com.tc.groupcustomer.GC02_GroupCustomerQuote"/>
  <testcase name="BTC001" time="5.859" classname="com.tc.groupcustomer.GC02_GroupCustomerQuote"/>
  <testcase name="NTC013" time="0.649" classname="com.tc.groupcustomer.GC02_GroupCustomerQuote"/>
  <testcase name="FTC005" time="5.357" classname="com.tc.groupcustomer.GC02_GroupCustomerQuote"/>
  <testcase name="XTC0024" time="12.968" classname="com.tc.groupcustomer.GC02_GroupCustomerQuote"/>
  <testcase name="RTC0017" time="0.593" classname="com.tc.groupcustomer.GC02_GroupCustomerQuote"/>
  <testcase name="YTC0025" time="14.870" classname="com.tc.groupcustomer.GC02_GroupCustomerQuote"/>
  <testcase name="GTC006" time="0.061" classname="com.tc.groupcustomer.GC02_GroupCustomerQuote"/>
  <testcase name="cTC0028" time="17.427" classname="com.tc.groupcustomer.GC02_GroupCustomerQuote"/>
  <testcase name="JTC009" time="3.641" classname="com.tc.groupcustomer.GC02_GroupCustomerQuote"/>
  <testcase name="HTC007" time="0.480" classname="com.tc.groupcustomer.GC02_GroupCustomerQuote"/>
  <testcase name="UTC0021" time="0.526" classname="com.tc.groupcustomer.GC02_GroupCustomerQuote"/>
  <testcase name="STC0018" time="200.053" classname="com.tc.groupcustomer.GC02_GroupCustomerQuote"/>
  <testcase name="TTC020" time="8.719" classname="com.tc.groupcustomer.GC02_GroupCustomerQuote"/>
  <testcase name="QTC0016" time="0.564" classname="com.tc.groupcustomer.GC02_GroupCustomerQuote"/>
  <testcase name="aTC0027" time="11.365" classname="com.tc.groupcustomer.GC02_GroupCustomerQuote"/>
  <testcase name="ITC008" time="5.717" classname="com.tc.groupcustomer.GC02_GroupCustomerQuote"/>
  <testcase name="dTC0029" time="23.894" classname="com.tc.groupcustomer.GC02_GroupCustomerQuote"/>
  <testcase name="VTC0022" time="0.585" classname="com.tc.groupcustomer.GC02_GroupCustomerQuote"/>
  <testcase name="WTC0023" time="200.044" classname="com.tc.groupcustomer.GC02_GroupCustomerQuote"/>
  <testcase name="PTC0015" time="3.687" classname="com.tc.groupcustomer.GC02_GroupCustomerQuote"/>
  <testcase name="DTC003" time="0.377" classname="com.tc.groupcustomer.GC02_GroupCustomerQuote"/>
  <testcase name="OTC014" time="221.137" classname="com.tc.groupcustomer.GC02_GroupCustomerQuote"/>
  <testcase name="ZTC0026_a" time="2.785" classname="com.tc.groupcustomer.GC02_GroupCustomerQuote"/>
  <testcase name="CTC002" time="24.510" classname="com.tc.groupcustomer.GC02_GroupCustomerQuote"/>
  <testcase name="eTC0026_c" time="2.870" classname="com.tc.groupcustomer.GC02_GroupCustomerQuote"/>
  <testcase name="bTC0026_b" time="2.914" classname="com.tc.groupcustomer.GC02_GroupCustomerQuote"/>
  <testcase name="KTC010" time="0.985" classname="com.tc.groupcustomer.GC02_GroupCustomerQuote"/>
  <testcase name="ETC004" time="0.366" classname="com.tc.groupcustomer.GC02_GroupCustomerQuote"/>
  <testcase name="LTC011" time="4.020" classname="com.tc.groupcustomer.GC02_GroupCustomerQuote"/>
  <testcase name="MTC012" time="3.579" classname="com.tc.groupcustomer.GC02_GroupCustomerQuote"/>
</testsuite> <!-- com.tc.groupcustomer.GC02_GroupCustomerQuote -->
