<?xml version="1.0" encoding="UTF-8"?>
<!-- Generated by org.testng.reporters.JUnitReportReporter -->
<testsuite skipped="0" hostname="AJAMPANA-IN" name="com.tc.groupcustomer.GC_GroupCustomer_1" tests="17" failures="0" timestamp="19 Jun 2020 07:18:12 GMT" time="1153.423" errors="0">
  <testcase name="jGC_ChildMasterAgreementCreation" time="61.419" classname="com.tc.groupcustomer.GC_GroupCustomer_1"/>
  <testcase name="mGC_ChildProductCreation" time="34.364" classname="com.tc.groupcustomer.GC_GroupCustomer_1"/>
  <testcase name="iGC_ParentMasterAgreementCreation" time="40.291" classname="com.tc.groupcustomer.GC_GroupCustomer_1"/>
  <testcase name="hGC_DIStatusChangeFiltering" time="128.519" classname="com.tc.groupcustomer.GC_GroupCustomer_1"/>
  <testcase name="fGC_DataIntakeProfileCreation" time="49.263" classname="com.tc.groupcustomer.GC_GroupCustomer_1"/>
  <testcase name="gGC_DataIntakeProfileDeletion" time="12.581" classname="com.tc.groupcustomer.GC_GroupCustomer_1"/>
  <testcase name="lGC_ProductCreation" time="46.891" classname="com.tc.groupcustomer.GC_GroupCustomer_1"/>
  <testcase name="kGC_ChildMasterAgreementDeletion" time="8.314" classname="com.tc.groupcustomer.GC_GroupCustomer_1"/>
  <testcase name="cGC_RelationshipCreation" time="150.731" classname="com.tc.groupcustomer.GC_GroupCustomer_1"/>
  <testcase name="aGC_AlternateNameFunctionality" time="76.436" classname="com.tc.groupcustomer.GC_GroupCustomer_1"/>
  <testcase name="nGC_ProductEdition" time="13.804" classname="com.tc.groupcustomer.GC_GroupCustomer_1"/>
  <testcase name="qGC_PlanEdition" time="39.168" classname="com.tc.groupcustomer.GC_GroupCustomer_1"/>
  <testcase name="eGC_RelationshipAddNewSlice" time="48.387" classname="com.tc.groupcustomer.GC_GroupCustomer_1"/>
  <testcase name="oGC_ProductDeletion" time="8.535" classname="com.tc.groupcustomer.GC_GroupCustomer_1"/>
  <testcase name="pGC_PlanCreation" time="235.847" classname="com.tc.groupcustomer.GC_GroupCustomer_1"/>
  <testcase name="dGC_RelationshipUIverification" time="54.118" classname="com.tc.groupcustomer.GC_GroupCustomer_1"/>
  <testcase name="bGC_AlternateNameFilters" time="144.755" classname="com.tc.groupcustomer.GC_GroupCustomer_1"/>
</testsuite> <!-- com.tc.groupcustomer.GC_GroupCustomer_1 -->
