<?xml version="1.0" encoding="UTF-8"?>
<!-- Generated by org.testng.reporters.JUnitReportReporter -->
<testsuite skipped="0" hostname="PLAMA-IN" name="com.JenkinsAutomation.CreatePolicy" tests="1" failures="0" timestamp="2020-08-25T20:10:52 IST" time="156.798" errors="0">
  <testcase name="policycreation" time="156.798" classname="com.JenkinsAutomation.CreatePolicy"/>
  <system-out/>
</testsuite> <!-- com.JenkinsAutomation.CreatePolicy -->
