<?xml version="1.0" encoding="UTF-8"?>
<!-- Generated by org.testng.reporters.JUnitReportReporter -->
<testsuite skipped="0" hostname="AJAMPANA-IN" name="com.tc.groupcustomer.GC09_GroupBilling1" tests="15" failures="0" timestamp="06 Jul 2020 12:25:40 GMT" time="2464.914" errors="1">
  <testcase name="GroupBill04_LinkSuspenseActions" time="236.561" classname="com.tc.groupcustomer.GC09_GroupBilling1"/>
  <testcase name="GroupBill11_MaintainBillDetail_MultipleBillDetails" time="296.863" classname="com.tc.groupcustomer.GC09_GroupBilling1"/>
  <testcase name="GroupBill12_MaintainBillDetail_ShadowBillDetailCollectionCheck" time="93.948" classname="com.tc.groupcustomer.GC09_GroupBilling1"/>
  <testcase name="GroupBill08_MultipleGenerateBillDetails" time="158.985" classname="com.tc.groupcustomer.GC09_GroupBilling1"/>
  <testcase name="GroupBill06_SubmitBillReconciliation" time="445.865" classname="com.tc.groupcustomer.GC09_GroupBilling1"/>
  <testcase name="GroupBill14_ErrorCheck_GenerateBillDetail_Multiple" time="150.231" classname="com.tc.groupcustomer.GC09_GroupBilling1"/>
  <testcase name="GroupBill09_Recycling_MultipleGenerateBillDetail" time="126.952" classname="com.tc.groupcustomer.GC09_GroupBilling1"/>
  <testcase name="GroupBill07_MaintainBillDetail_SingleBillDetail" time="202.450" classname="com.tc.groupcustomer.GC09_GroupBilling1"/>
  <testcase name="GroupBill03_LinkSuspenseScreenUI" time="46.347" classname="com.tc.groupcustomer.GC09_GroupBilling1"/>
  <testcase name="GroupBill05_AdjustScreenUI" time="87.165" classname="com.tc.groupcustomer.GC09_GroupBilling1"/>
  <testcase name="GroupBill10_Reversing_MultipleGenerateBillDetail" time="22.321" classname="com.tc.groupcustomer.GC09_GroupBilling1"/>
  <testcase name="gc01_EnrollmentProcess" time="0.003" classname="com.tc.groupcustomer.GC09_GroupBilling1">
    <error type="org.openqa.selenium.NoSuchSessionException" message="Session ID is null. Using WebDriver after calling quit()?
Build info: version: &#039;3.8.1&#039;, revision: &#039;6e95a6684b&#039;, time: &#039;2017-12-01T19:05:14.666Z&#039;
System info: host: &#039;AJAMPANA-IN&#039;, ip: &#039;10.166.168.129&#039;, os.name: &#039;Windows 10&#039;, os.arch: &#039;amd64&#039;, os.version: &#039;10.0&#039;, java.version: &#039;1.8.0_241&#039;
Driver info: driver.version: RemoteWebDriver">
      <![CDATA[org.openqa.selenium.NoSuchSessionException: Session ID is null. Using WebDriver after calling quit()?
Build info: version: '3.8.1', revision: '6e95a6684b', time: '2017-12-01T19:05:14.666Z'
System info: host: 'AJAMPANA-IN', ip: '10.166.168.129', os.name: 'Windows 10', os.arch: 'amd64', os.version: '10.0', java.version: '1.8.0_241'
Driver info: driver.version: RemoteWebDriver
at org.openqa.selenium.remote.HttpCommandExecutor.execute(HttpCommandExecutor.java:131)
at org.openqa.selenium.remote.service.DriverCommandExecutor.execute(DriverCommandExecutor.java:83)
at org.openqa.selenium.remote.RemoteWebDriver.execute(RemoteWebDriver.java:601)
at org.openqa.selenium.remote.RemoteWebDriver.findElement(RemoteWebDriver.java:371)
at org.openqa.selenium.remote.RemoteWebDriver.findElementByXPath(RemoteWebDriver.java:473)
at org.openqa.selenium.By$ByXPath.findElement(By.java:361)
at org.openqa.selenium.remote.RemoteWebDriver.findElement(RemoteWebDriver.java:363)
at com.tc.groupcustomer.GC03_Enrollment.gc_customerCreation(GC03_Enrollment.java:69)
at com.tc.groupcustomer.GC03_Enrollment.gc01_EnrollmentProcess(GC03_Enrollment.java:833)
at sun.reflect.NativeMethodAccessorImpl.invoke0(Native Method)
at sun.reflect.NativeMethodAccessorImpl.invoke(Unknown Source)
at sun.reflect.DelegatingMethodAccessorImpl.invoke(Unknown Source)
at java.lang.reflect.Method.invoke(Unknown Source)
at org.testng.internal.MethodInvocationHelper.invokeMethod(MethodInvocationHelper.java:124)
at org.testng.internal.Invoker.invokeMethod(Invoker.java:583)
at org.testng.internal.Invoker.invokeTestMethod(Invoker.java:719)
at org.testng.internal.Invoker.invokeTestMethods(Invoker.java:989)
at org.testng.internal.TestMethodWorker.invokeTestMethods(TestMethodWorker.java:125)
at org.testng.internal.TestMethodWorker.run(TestMethodWorker.java:109)
at org.testng.TestRunner.privateRun(TestRunner.java:648)
at org.testng.TestRunner.run(TestRunner.java:505)
at org.testng.SuiteRunner.runTest(SuiteRunner.java:455)
at org.testng.SuiteRunner.runSequentially(SuiteRunner.java:450)
at org.testng.SuiteRunner.privateRun(SuiteRunner.java:415)
at org.testng.SuiteRunner.run(SuiteRunner.java:364)
at org.testng.SuiteRunnerWorker.runSuite(SuiteRunnerWorker.java:52)
at org.testng.SuiteRunnerWorker.run(SuiteRunnerWorker.java:84)
at org.testng.TestNG.runSuitesSequentially(TestNG.java:1208)
at org.testng.TestNG.runSuitesLocally(TestNG.java:1137)
at org.testng.TestNG.runSuites(TestNG.java:1049)
at org.testng.TestNG.run(TestNG.java:1017)
at org.testng.remote.AbstractRemoteTestNG.run(AbstractRemoteTestNG.java:114)
at org.testng.remote.RemoteTestNG.initAndRun(RemoteTestNG.java:251)
at org.testng.remote.RemoteTestNG.main(RemoteTestNG.java:77)
]]>
    </error>
  </testcase> <!-- gc01_EnrollmentProcess -->
  <testcase name="GroupBill01_SingleBillCreation" time="340.217" classname="com.tc.groupcustomer.GC09_GroupBilling1"/>
  <testcase name="GroupBill13_MaintainBillDetail_ReconcileBillDetailCheck" time="224.858" classname="com.tc.groupcustomer.GC09_GroupBilling1"/>
  <testcase name="GroupBill02_ListBillScreenUI" time="32.148" classname="com.tc.groupcustomer.GC09_GroupBilling1"/>
</testsuite> <!-- com.tc.groupcustomer.GC09_GroupBilling1 -->
