<?xml version="1.0" encoding="UTF-8"?>
<!-- Generated by org.testng.reporters.JUnitReportReporter -->
<testsuite skipped="0" hostname="AJAMPANA-IN" name="com.tc.groupcustomer.GC03_Enrollment" tests="1" failures="0" timestamp="06 Jul 2020 12:25:41 GMT" time="1002.382" errors="0">
  <testcase name="gc01_EnrollmentProcess" time="1002.382" classname="com.tc.groupcustomer.GC03_Enrollment"/>
</testsuite> <!-- com.tc.groupcustomer.GC03_Enrollment -->
