<?xml version="1.0" encoding="UTF-8"?>
<!-- Generated by org.testng.reporters.JUnitReportReporter -->
<testsuite skipped="25" hostname="PLAMA-IN" name="com.tc.groupcustomer.GC08_Client2" tests="26" failures="0" timestamp="2020-08-18T19:11:02 IST" time="4.149" errors="1">
  <testcase name="GC221_ClientTransactionCosmeticsBusinessRule" time="0.000" classname="com.tc.groupcustomer.GC08_Client2">
    <skipped/>
  </testcase> <!-- GC221_ClientTransactionCosmeticsBusinessRule -->
  <system-out/>
  <testcase name="GC200_createClient" time="0.000" classname="com.tc.groupcustomer.GC08_Client2">
    <skipped/>
  </testcase> <!-- GC200_createClient -->
  <system-out/>
  <testcase name="GC217_SpawnedActivityNotToPriorStateOnNonReversibleType" time="0.000" classname="com.tc.groupcustomer.GC08_Client2">
    <skipped/>
  </testcase> <!-- GC217_SpawnedActivityNotToPriorStateOnNonReversibleType -->
  <system-out/>
  <testcase name="GC208_addRequirementAttachedRule" time="0.000" classname="com.tc.groupcustomer.GC08_Client2">
    <skipped/>
  </testcase> <!-- GC208_addRequirementAttachedRule -->
  <system-out/>
  <testcase name="GC207_addClientLevelRequirements" time="0.000" classname="com.tc.groupcustomer.GC08_Client2">
    <skipped/>
  </testcase> <!-- GC207_addClientLevelRequirements -->
  <system-out/>
  <testcase name="GC204_verifyDatePicker" time="0.000" classname="com.tc.groupcustomer.GC08_Client2">
    <skipped/>
  </testcase> <!-- GC204_verifyDatePicker -->
  <system-out/>
  <testcase name="GC212_generatePendingrequirement" time="0.000" classname="com.tc.groupcustomer.GC08_Client2">
    <skipped/>
  </testcase> <!-- GC212_generatePendingrequirement -->
  <system-out/>
  <testcase name="GC222_ActivityProcessingOrderCheck" time="0.000" classname="com.tc.groupcustomer.GC08_Client2">
    <skipped/>
  </testcase> <!-- GC222_ActivityProcessingOrderCheck -->
  <system-out/>
  <testcase name="GC206_clientWithholdingScreen" time="0.000" classname="com.tc.groupcustomer.GC08_Client2">
    <skipped/>
  </testcase> <!-- GC206_clientWithholdingScreen -->
  <system-out/>
  <testcase name="GC216_SpawnedActivityToPriorStateOnReversingUndo" time="0.000" classname="com.tc.groupcustomer.GC08_Client2">
    <skipped/>
  </testcase> <!-- GC216_SpawnedActivityToPriorStateOnReversingUndo -->
  <system-out/>
  <testcase name="GC205_clientAddressScreen" time="0.008" classname="com.tc.groupcustomer.GC08_Client2">
    <skipped/>
  </testcase> <!-- GC205_clientAddressScreen -->
  <system-out/>
  <testcase name="GC220_addClientActivityUsingAddActivityLink" time="0.000" classname="com.tc.groupcustomer.GC08_Client2">
    <skipped/>
  </testcase> <!-- GC220_addClientActivityUsingAddActivityLink -->
  <system-out/>
  <testcase name="GC201_verifyExistingClientShadowed" time="0.000" classname="com.tc.groupcustomer.GC08_Client2">
    <skipped/>
  </testcase> <!-- GC201_verifyExistingClientShadowed -->
  <system-out/>
  <testcase name="GC214_activityUndoReversibleReversing" time="0.000" classname="com.tc.groupcustomer.GC08_Client2">
    <skipped/>
  </testcase> <!-- GC214_activityUndoReversibleReversing -->
  <system-out/>
  <testcase name="GC210_spawnClientLevelReqUsingCopyBook" time="0.000" classname="com.tc.groupcustomer.GC08_Client2">
    <skipped/>
  </testcase> <!-- GC210_spawnClientLevelReqUsingCopyBook -->
  <system-out/>
  <testcase name="GC224_ActivityReversalCheck" time="0.000" classname="com.tc.groupcustomer.GC08_Client2">
    <skipped/>
  </testcase> <!-- GC224_ActivityReversalCheck -->
  <system-out/>
  <testcase name="GC211_addRequirementCopyBook" time="0.000" classname="com.tc.groupcustomer.GC08_Client2">
    <skipped/>
  </testcase> <!-- GC211_addRequirementCopyBook -->
  <system-out/>
  <testcase name="GC209_processPendingRequirement" time="0.000" classname="com.tc.groupcustomer.GC08_Client2">
    <skipped/>
  </testcase> <!-- GC209_processPendingRequirement -->
  <system-out/>
  <testcase name="GC202_verifySummaryPane" time="0.001" classname="com.tc.groupcustomer.GC08_Client2">
    <skipped/>
  </testcase> <!-- GC202_verifySummaryPane -->
  <system-out/>
  <testcase name="GC219_addClientActivity" time="0.000" classname="com.tc.groupcustomer.GC08_Client2">
    <skipped/>
  </testcase> <!-- GC219_addClientActivity -->
  <system-out/>
  <testcase name="GC223_ActivitiesGettingShadowed" time="0.000" classname="com.tc.groupcustomer.GC08_Client2">
    <skipped/>
  </testcase> <!-- GC223_ActivitiesGettingShadowed -->
  <system-out/>
  <testcase name="GC203_verifyClientScreen" time="0.000" classname="com.tc.groupcustomer.GC08_Client2">
    <skipped/>
  </testcase> <!-- GC203_verifyClientScreen -->
  <system-out/>
  <testcase name="GC213_activityRedoReversibleReversing" time="0.000" classname="com.tc.groupcustomer.GC08_Client2">
    <skipped/>
  </testcase> <!-- GC213_activityRedoReversibleReversing -->
  <system-out/>
  <testcase name="bClass" time="4.140" classname="com.tc.groupcustomer.GC08_Client2">
    <error type="java.lang.NullPointerException">
      <![CDATA[java.lang.NullPointerException
at com.Library.OIPA_Library.login(OIPA_Library.java:67)
at com.tc.groupcustomer.GC08_Client2.bClass(GC08_Client2.java:46)
at sun.reflect.NativeMethodAccessorImpl.invoke0(Native Method)
at sun.reflect.NativeMethodAccessorImpl.invoke(Unknown Source)
at sun.reflect.DelegatingMethodAccessorImpl.invoke(Unknown Source)
at java.lang.reflect.Method.invoke(Unknown Source)
at org.testng.internal.MethodInvocationHelper.invokeMethod(MethodInvocationHelper.java:135)
at org.testng.internal.MethodInvocationHelper.invokeMethodConsideringTimeout(MethodInvocationHelper.java:64)
at org.testng.internal.ConfigInvoker.invokeConfigurationMethod(ConfigInvoker.java:364)
at org.testng.internal.ConfigInvoker.invokeConfigurations(ConfigInvoker.java:318)
at org.testng.internal.TestMethodWorker.invokeBeforeClassMethods(TestMethodWorker.java:176)
at org.testng.internal.TestMethodWorker.run(TestMethodWorker.java:122)
at java.util.ArrayList.forEach(Unknown Source)
at org.testng.TestRunner.privateRun(TestRunner.java:767)
at org.testng.TestRunner.run(TestRunner.java:588)
at org.testng.SuiteRunner.runTest(SuiteRunner.java:384)
at org.testng.SuiteRunner.runSequentially(SuiteRunner.java:378)
at org.testng.SuiteRunner.privateRun(SuiteRunner.java:337)
at org.testng.SuiteRunner.run(SuiteRunner.java:286)
at org.testng.SuiteRunnerWorker.runSuite(SuiteRunnerWorker.java:53)
at org.testng.SuiteRunnerWorker.run(SuiteRunnerWorker.java:96)
at org.testng.TestNG.runSuitesSequentially(TestNG.java:1214)
at org.testng.TestNG.runSuitesLocally(TestNG.java:1136)
at org.testng.TestNG.runSuites(TestNG.java:1066)
at org.testng.TestNG.run(TestNG.java:1034)
at org.testng.remote.AbstractRemoteTestNG.run(AbstractRemoteTestNG.java:115)
at org.testng.remote.RemoteTestNG.initAndRun(RemoteTestNG.java:251)
at org.testng.remote.RemoteTestNG.main(RemoteTestNG.java:77)
]]>
    </error>
  </testcase> <!-- bClass -->
  <system-out/>
  <testcase name="GC218_SpawnedActivityFromClientToPolicyLevel" time="0.000" classname="com.tc.groupcustomer.GC08_Client2">
    <skipped/>
  </testcase> <!-- GC218_SpawnedActivityFromClientToPolicyLevel -->
  <system-out/>
  <testcase name="GC215_SpawnedActivityToPriorStateOnRecycleRedo" time="0.000" classname="com.tc.groupcustomer.GC08_Client2">
    <skipped/>
  </testcase> <!-- GC215_SpawnedActivityToPriorStateOnRecycleRedo -->
  <system-out/>
</testsuite> <!-- com.tc.groupcustomer.GC08_Client2 -->
