<?xml version="1.0" encoding="UTF-8"?>
<!-- Generated by org.testng.reporters.JUnitReportReporter -->
<testsuite skipped="0" hostname="AJAMPANA-IN" name="com.tc.groupcustomer.GC04_GroupCustomer_1" tests="21" failures="0" timestamp="06 Jul 2020 12:25:40 GMT" time="1364.912" errors="0">
  <testcase name="GC09_ProductCreation" time="46.973" classname="com.tc.groupcustomer.GC04_GroupCustomer_1"/>
  <testcase name="GC01_AlternateNameFunctionality" time="87.970" classname="com.tc.groupcustomer.GC04_GroupCustomer_1"/>
  <testcase name="GC07_ChildMasterAgreementCreation" time="61.861" classname="com.tc.groupcustomer.GC04_GroupCustomer_1"/>
  <testcase name="GC03_DataIntakeProfileCreation" time="43.986" classname="com.tc.groupcustomer.GC04_GroupCustomer_1"/>
  <testcase name="GC17_PlanScreen_TrashIconCheck" time="45.069" classname="com.tc.groupcustomer.GC04_GroupCustomer_1"/>
  <testcase name="GC12_ProductDeletion" time="8.527" classname="com.tc.groupcustomer.GC04_GroupCustomer_1"/>
  <testcase name="GC18_PlanScreen_ReverseIconCheck" time="48.205" classname="com.tc.groupcustomer.GC04_GroupCustomer_1"/>
  <testcase name="GC06_ParentMasterAgreementCreation" time="40.445" classname="com.tc.groupcustomer.GC04_GroupCustomer_1"/>
  <testcase name="GC13_PlanCreation" time="235.811" classname="com.tc.groupcustomer.GC04_GroupCustomer_1"/>
  <testcase name="GC10_ChildProductCreation" time="34.322" classname="com.tc.groupcustomer.GC04_GroupCustomer_1"/>
  <testcase name="GC04_DataIntakeProfileDeletion" time="12.786" classname="com.tc.groupcustomer.GC04_GroupCustomer_1"/>
  <testcase name="GC14_PlanEdition" time="39.422" classname="com.tc.groupcustomer.GC04_GroupCustomer_1"/>
  <testcase name="GC08_ChildMasterAgreementDeletion" time="8.583" classname="com.tc.groupcustomer.GC04_GroupCustomer_1"/>
  <testcase name="GC02_AlternateNameFilters" time="157.089" classname="com.tc.groupcustomer.GC04_GroupCustomer_1"/>
  <testcase name="GC16_PlanScreen_EditIconCheck" time="33.980" classname="com.tc.groupcustomer.GC04_GroupCustomer_1"/>
  <testcase name="GC20_RelationshipUIverification" time="57.914" classname="com.tc.groupcustomer.GC04_GroupCustomer_1"/>
  <testcase name="GC19_RelationshipCreation" time="151.422" classname="com.tc.groupcustomer.GC04_GroupCustomer_1"/>
  <testcase name="GC11_ProductEdition" time="13.868" classname="com.tc.groupcustomer.GC04_GroupCustomer_1"/>
  <testcase name="GC15_PlanScreen_Activation" time="52.641" classname="com.tc.groupcustomer.GC04_GroupCustomer_1"/>
  <testcase name="GC05_DIStatusChangeFiltering" time="128.616" classname="com.tc.groupcustomer.GC04_GroupCustomer_1"/>
  <testcase name="GC21_RelationshipAddNewSlice" time="55.422" classname="com.tc.groupcustomer.GC04_GroupCustomer_1"/>
</testsuite> <!-- com.tc.groupcustomer.GC04_GroupCustomer_1 -->
