<?xml version="1.0" encoding="UTF-8"?>
<!-- Generated by org.testng.reporters.JUnitReportReporter -->
<testsuite skipped="0" hostname="PLAMA-IN" name="com.JenkinsAutomation.CreateClient" tests="1" failures="0" timestamp="2020-08-25T20:10:52 IST" time="26.058" errors="0">
  <testcase name="clientCreation" time="26.058" classname="com.JenkinsAutomation.CreateClient"/>
  <system-out/>
</testsuite> <!-- com.JenkinsAutomation.CreateClient -->
