<?xml version="1.0" encoding="UTF-8"?>
<!-- Generated by org.testng.reporters.JUnitReportReporter -->
<testsuite skipped="0" hostname="AJAMPANA-IN" name="com.testcases.Assert" tests="1" failures="0" timestamp="2020-04-22T12:01:32 IST" time="49.492" errors="0">
  <testcase name="explainAssert" time="49.492" classname="com.testcases.Assert"/>
  <system-out/>
</testsuite> <!-- com.testcases.Assert -->
